{"name":"view latest releases","id":"releases;view-latest-releases","testSteps":[{"number":1,"description":"Given he enters the website","duration":9487,"startTime":"2023-09-23T11:39:15.585-05:00[America/Bogota]","screenshots":[{"screenshot":"d34dc1b217460a376d1357c200bd007b00cfec95298422224faa0ce78e6ece9b.png","timeStamp":1695487165072}],"result":"SUCCESS","precondition":false,"level":0,"children":[{"number":2,"description":"User opens the https://andrescepeda.com.co/","duration":9311,"startTime":"2023-09-23T11:39:15.739-05:00[America/Bogota]","screenshots":[{"screenshot":"d34dc1b217460a376d1357c200bd007b00cfec95298422224faa0ce78e6ece9b.png","timeStamp":1695487165050}],"result":"SUCCESS","precondition":false,"level":1}]},{"number":3,"description":"When he enters the launch module","duration":5756,"startTime":"2023-09-23T11:39:25.075-05:00[America/Bogota]","screenshots":[{"screenshot":"d34dc1b217460a376d1357c200bd007b00cfec95298422224faa0ce78e6ece9b.png","timeStamp":1695487165089}],"exception":{"errorType":"net.thucydides.core.webdriver.exceptions.ElementShouldBeEnabledException","message":"Expected enabled element was not enabled","stackTrace":[{"declaringClass":"conm.co.andrescepeda.tasks.ReleasesTask","methodName":"performAs","fileName":"ReleasesTask.java","lineNumber":13},{"declaringClass":"com.co.andrescepeda.stepsdefinitions.ReleasesStepDefiniton","methodName":"heEntersTheLaunchModule","fileName":"ReleasesStepDefiniton.java","lineNumber":12},{"declaringClass":"cucumber.runner.Runner","methodName":"runPickle","fileName":"Runner.java","lineNumber":80},{"declaringClass":"worker.org.gradle.process.internal.worker.GradleWorkerMain","methodName":"run","fileName":"GradleWorkerMain.java","lineNumber":69},{"declaringClass":"worker.org.gradle.process.internal.worker.GradleWorkerMain","methodName":"main","fileName":"GradleWorkerMain.java","lineNumber":74}],"rootCause":{"errorType":"org.openqa.selenium.TimeoutException","message":"Expected condition failed: waiting for By.cssSelector: (//*[@id\u003d\u0027mainNavigation\u0027]/div[5]/a to be enabled (tried for 5 second(s) with 100 milliseconds interval)","stackTrace":[{"declaringClass":"conm.co.andrescepeda.tasks.ReleasesTask","methodName":"performAs","fileName":"ReleasesTask.java","lineNumber":13},{"declaringClass":"com.co.andrescepeda.stepsdefinitions.ReleasesStepDefiniton","methodName":"heEntersTheLaunchModule","fileName":"ReleasesStepDefiniton.java","lineNumber":12},{"declaringClass":"cucumber.runner.Runner","methodName":"runPickle","fileName":"Runner.java","lineNumber":80},{"declaringClass":"worker.org.gradle.process.internal.worker.GradleWorkerMain","methodName":"run","fileName":"GradleWorkerMain.java","lineNumber":69},{"declaringClass":"worker.org.gradle.process.internal.worker.GradleWorkerMain","methodName":"main","fileName":"GradleWorkerMain.java","lineNumber":74}],"rootCause":{"errorType":"org.openqa.selenium.InvalidSelectorException","message":"invalid selector: An invalid or illegal selector was specified\n  (Session info: chrome\u003d117.0.5938.92)\nFor documentation on this error, please visit: https://www.seleniumhq.org/exceptions/invalid_selector_exception.html\nBuild info: version: \u00273.141.59\u0027, revision: \u0027e82be7d358\u0027, time: \u00272018-11-14T08:17:03\u0027\nSystem info: host: \u0027DESKTOP-59VBOP8\u0027, ip: \u0027192.168.97.97\u0027, os.name: \u0027Windows 10\u0027, os.arch: \u0027amd64\u0027, os.version: \u002710.0\u0027, java.version: \u00271.8.0_161\u0027\nDriver info: org.openqa.selenium.chrome.ChromeDriver\nCapabilities {acceptInsecureCerts: false, browserName: chrome, browserVersion: 117.0.5938.92, chrome: {chromedriverVersion: 116.0.5845.96 (1a3918166880..., userDataDir: C:\\Users\\WS\\AppData\\Local\\T...}, fedcm:accounts: true, goog:chromeOptions: {debuggerAddress: localhost:50711}, javascriptEnabled: true, networkConnectionEnabled: false, pageLoadStrategy: normal, platform: WINDOWS, platformName: WINDOWS, proxy: Proxy(), setWindowRect: true, strictFileInteractability: false, timeouts: {implicit: 0, pageLoad: 300000, script: 30000}, unhandledPromptBehavior: dismiss and notify, webauthn:extension:credBlob: true, webauthn:extension:largeBlob: true, webauthn:extension:minPinLength: true, webauthn:extension:prf: true, webauthn:virtualAuthenticators: true}\nSession ID: 4c5da122688ad48dfaea0e7a238d8dc4\n*** Element info: {Using\u003dcss selector, value\u003d(//*[@id\u003d\u0027mainNavigation\u0027]/div[5]/a}","stackTrace":[{"declaringClass":"conm.co.andrescepeda.tasks.ReleasesTask","methodName":"performAs","fileName":"ReleasesTask.java","lineNumber":13},{"declaringClass":"com.co.andrescepeda.stepsdefinitions.ReleasesStepDefiniton","methodName":"heEntersTheLaunchModule","fileName":"ReleasesStepDefiniton.java","lineNumber":12},{"declaringClass":"cucumber.runner.Runner","methodName":"runPickle","fileName":"Runner.java","lineNumber":80},{"declaringClass":"worker.org.gradle.process.internal.worker.GradleWorkerMain","methodName":"run","fileName":"GradleWorkerMain.java","lineNumber":69},{"declaringClass":"worker.org.gradle.process.internal.worker.GradleWorkerMain","methodName":"main","fileName":"GradleWorkerMain.java","lineNumber":74}]}}},"result":"FAILURE","precondition":false,"level":0,"children":[{"number":4,"description":"User releases task","duration":5718,"startTime":"2023-09-23T11:39:25.103-05:00[America/Bogota]","screenshots":[{"screenshot":"744515727a45b58241e0c3ff8e29181f7a5c4e9cd4ba816caefb7605bfce09d2.png","timeStamp":1695487165338}],"exception":{"errorType":"net.thucydides.core.webdriver.exceptions.ElementShouldBeEnabledException","message":"Expected enabled element was not enabled","stackTrace":[{"declaringClass":"conm.co.andrescepeda.tasks.ReleasesTask","methodName":"performAs","fileName":"ReleasesTask.java","lineNumber":13},{"declaringClass":"com.co.andrescepeda.stepsdefinitions.ReleasesStepDefiniton","methodName":"heEntersTheLaunchModule","fileName":"ReleasesStepDefiniton.java","lineNumber":12},{"declaringClass":"cucumber.runner.Runner","methodName":"runPickle","fileName":"Runner.java","lineNumber":80},{"declaringClass":"worker.org.gradle.process.internal.worker.GradleWorkerMain","methodName":"run","fileName":"GradleWorkerMain.java","lineNumber":69},{"declaringClass":"worker.org.gradle.process.internal.worker.GradleWorkerMain","methodName":"main","fileName":"GradleWorkerMain.java","lineNumber":74}],"rootCause":{"errorType":"org.openqa.selenium.TimeoutException","message":"Expected condition failed: waiting for By.cssSelector: (//*[@id\u003d\u0027mainNavigation\u0027]/div[5]/a to be enabled (tried for 5 second(s) with 100 milliseconds interval)","stackTrace":[{"declaringClass":"conm.co.andrescepeda.tasks.ReleasesTask","methodName":"performAs","fileName":"ReleasesTask.java","lineNumber":13},{"declaringClass":"com.co.andrescepeda.stepsdefinitions.ReleasesStepDefiniton","methodName":"heEntersTheLaunchModule","fileName":"ReleasesStepDefiniton.java","lineNumber":12},{"declaringClass":"cucumber.runner.Runner","methodName":"runPickle","fileName":"Runner.java","lineNumber":80},{"declaringClass":"worker.org.gradle.process.internal.worker.GradleWorkerMain","methodName":"run","fileName":"GradleWorkerMain.java","lineNumber":69},{"declaringClass":"worker.org.gradle.process.internal.worker.GradleWorkerMain","methodName":"main","fileName":"GradleWorkerMain.java","lineNumber":74}],"rootCause":{"errorType":"org.openqa.selenium.InvalidSelectorException","message":"invalid selector: An invalid or illegal selector was specified\n  (Session info: chrome\u003d117.0.5938.92)\nFor documentation on this error, please visit: https://www.seleniumhq.org/exceptions/invalid_selector_exception.html\nBuild info: version: \u00273.141.59\u0027, revision: \u0027e82be7d358\u0027, time: \u00272018-11-14T08:17:03\u0027\nSystem info: host: \u0027DESKTOP-59VBOP8\u0027, ip: \u0027192.168.97.97\u0027, os.name: \u0027Windows 10\u0027, os.arch: \u0027amd64\u0027, os.version: \u002710.0\u0027, java.version: \u00271.8.0_161\u0027\nDriver info: org.openqa.selenium.chrome.ChromeDriver\nCapabilities {acceptInsecureCerts: false, browserName: chrome, browserVersion: 117.0.5938.92, chrome: {chromedriverVersion: 116.0.5845.96 (1a3918166880..., userDataDir: C:\\Users\\WS\\AppData\\Local\\T...}, fedcm:accounts: true, goog:chromeOptions: {debuggerAddress: localhost:50711}, javascriptEnabled: true, networkConnectionEnabled: false, pageLoadStrategy: normal, platform: WINDOWS, platformName: WINDOWS, proxy: Proxy(), setWindowRect: true, strictFileInteractability: false, timeouts: {implicit: 0, pageLoad: 300000, script: 30000}, unhandledPromptBehavior: dismiss and notify, webauthn:extension:credBlob: true, webauthn:extension:largeBlob: true, webauthn:extension:minPinLength: true, webauthn:extension:prf: true, webauthn:virtualAuthenticators: true}\nSession ID: 4c5da122688ad48dfaea0e7a238d8dc4\n*** Element info: {Using\u003dcss selector, value\u003d(//*[@id\u003d\u0027mainNavigation\u0027]/div[5]/a}","stackTrace":[{"declaringClass":"conm.co.andrescepeda.tasks.ReleasesTask","methodName":"performAs","fileName":"ReleasesTask.java","lineNumber":13},{"declaringClass":"com.co.andrescepeda.stepsdefinitions.ReleasesStepDefiniton","methodName":"heEntersTheLaunchModule","fileName":"ReleasesStepDefiniton.java","lineNumber":12},{"declaringClass":"cucumber.runner.Runner","methodName":"runPickle","fileName":"Runner.java","lineNumber":80},{"declaringClass":"worker.org.gradle.process.internal.worker.GradleWorkerMain","methodName":"run","fileName":"GradleWorkerMain.java","lineNumber":69},{"declaringClass":"worker.org.gradle.process.internal.worker.GradleWorkerMain","methodName":"main","fileName":"GradleWorkerMain.java","lineNumber":74}]}}},"result":"FAILURE","precondition":false,"level":1,"children":[{"number":5,"description":"User clicks on Aceder al modulo LANZAMIENTOS","duration":5439,"startTime":"2023-09-23T11:39:25.355-05:00[America/Bogota]","screenshots":[{"screenshot":"744515727a45b58241e0c3ff8e29181f7a5c4e9cd4ba816caefb7605bfce09d2.png","timeStamp":1695487165363},{"screenshot":"6563e6fd7689cda9df97111acdb65dc182c077e4d4aea60da922c970c6eed2b9.png","htmlSource":"pagesource2152948377767222464.html.txt","timeStamp":1695487170782}],"exception":{"errorType":"net.thucydides.core.webdriver.exceptions.ElementShouldBeEnabledException","message":"Expected enabled element was not enabled","stackTrace":[{"declaringClass":"conm.co.andrescepeda.tasks.ReleasesTask","methodName":"performAs","fileName":"ReleasesTask.java","lineNumber":13},{"declaringClass":"com.co.andrescepeda.stepsdefinitions.ReleasesStepDefiniton","methodName":"heEntersTheLaunchModule","fileName":"ReleasesStepDefiniton.java","lineNumber":12},{"declaringClass":"cucumber.runner.Runner","methodName":"runPickle","fileName":"Runner.java","lineNumber":80},{"declaringClass":"worker.org.gradle.process.internal.worker.GradleWorkerMain","methodName":"run","fileName":"GradleWorkerMain.java","lineNumber":69},{"declaringClass":"worker.org.gradle.process.internal.worker.GradleWorkerMain","methodName":"main","fileName":"GradleWorkerMain.java","lineNumber":74}],"rootCause":{"errorType":"org.openqa.selenium.TimeoutException","message":"Expected condition failed: waiting for By.cssSelector: (//*[@id\u003d\u0027mainNavigation\u0027]/div[5]/a to be enabled (tried for 5 second(s) with 100 milliseconds interval)","stackTrace":[{"declaringClass":"conm.co.andrescepeda.tasks.ReleasesTask","methodName":"performAs","fileName":"ReleasesTask.java","lineNumber":13},{"declaringClass":"com.co.andrescepeda.stepsdefinitions.ReleasesStepDefiniton","methodName":"heEntersTheLaunchModule","fileName":"ReleasesStepDefiniton.java","lineNumber":12},{"declaringClass":"cucumber.runner.Runner","methodName":"runPickle","fileName":"Runner.java","lineNumber":80},{"declaringClass":"worker.org.gradle.process.internal.worker.GradleWorkerMain","methodName":"run","fileName":"GradleWorkerMain.java","lineNumber":69},{"declaringClass":"worker.org.gradle.process.internal.worker.GradleWorkerMain","methodName":"main","fileName":"GradleWorkerMain.java","lineNumber":74}],"rootCause":{"errorType":"org.openqa.selenium.InvalidSelectorException","message":"invalid selector: An invalid or illegal selector was specified\n  (Session info: chrome\u003d117.0.5938.92)\nFor documentation on this error, please visit: https://www.seleniumhq.org/exceptions/invalid_selector_exception.html\nBuild info: version: \u00273.141.59\u0027, revision: \u0027e82be7d358\u0027, time: \u00272018-11-14T08:17:03\u0027\nSystem info: host: \u0027DESKTOP-59VBOP8\u0027, ip: \u0027192.168.97.97\u0027, os.name: \u0027Windows 10\u0027, os.arch: \u0027amd64\u0027, os.version: \u002710.0\u0027, java.version: \u00271.8.0_161\u0027\nDriver info: org.openqa.selenium.chrome.ChromeDriver\nCapabilities {acceptInsecureCerts: false, browserName: chrome, browserVersion: 117.0.5938.92, chrome: {chromedriverVersion: 116.0.5845.96 (1a3918166880..., userDataDir: C:\\Users\\WS\\AppData\\Local\\T...}, fedcm:accounts: true, goog:chromeOptions: {debuggerAddress: localhost:50711}, javascriptEnabled: true, networkConnectionEnabled: false, pageLoadStrategy: normal, platform: WINDOWS, platformName: WINDOWS, proxy: Proxy(), setWindowRect: true, strictFileInteractability: false, timeouts: {implicit: 0, pageLoad: 300000, script: 30000}, unhandledPromptBehavior: dismiss and notify, webauthn:extension:credBlob: true, webauthn:extension:largeBlob: true, webauthn:extension:minPinLength: true, webauthn:extension:prf: true, webauthn:virtualAuthenticators: true}\nSession ID: 4c5da122688ad48dfaea0e7a238d8dc4\n*** Element info: {Using\u003dcss selector, value\u003d(//*[@id\u003d\u0027mainNavigation\u0027]/div[5]/a}","stackTrace":[{"declaringClass":"conm.co.andrescepeda.tasks.ReleasesTask","methodName":"performAs","fileName":"ReleasesTask.java","lineNumber":13},{"declaringClass":"com.co.andrescepeda.stepsdefinitions.ReleasesStepDefiniton","methodName":"heEntersTheLaunchModule","fileName":"ReleasesStepDefiniton.java","lineNumber":12},{"declaringClass":"cucumber.runner.Runner","methodName":"runPickle","fileName":"Runner.java","lineNumber":80},{"declaringClass":"worker.org.gradle.process.internal.worker.GradleWorkerMain","methodName":"run","fileName":"GradleWorkerMain.java","lineNumber":69},{"declaringClass":"worker.org.gradle.process.internal.worker.GradleWorkerMain","methodName":"main","fileName":"GradleWorkerMain.java","lineNumber":74}]}}},"result":"FAILURE","precondition":false,"level":2}]}]},{"number":6,"description":"Then he will see the latest launches correctly","duration":10,"startTime":"2023-09-23T11:39:30.850-05:00[America/Bogota]","result":"SKIPPED","precondition":false,"level":0}],"userStory":{"id":"releases","storyName":"releases","path":"src/test/resources/features/releases.feature","type":"feature"},"featureTag":{"name":"Features/releases","type":"feature","displayName":"Features/releases"},"title":"view latest releases","tags":[{"name":"releases","type":"feature","displayName":"releases"}],"startTime":"2023-09-23T11:39:15.478-05:00[America/Bogota]","duration":15384,"testFailureCause":{"errorType":"net.thucydides.core.webdriver.exceptions.ElementShouldBeEnabledException","message":"Expected enabled element was not enabled","stackTrace":[{"declaringClass":"conm.co.andrescepeda.tasks.ReleasesTask","methodName":"performAs","fileName":"ReleasesTask.java","lineNumber":13},{"declaringClass":"com.co.andrescepeda.stepsdefinitions.ReleasesStepDefiniton","methodName":"heEntersTheLaunchModule","fileName":"ReleasesStepDefiniton.java","lineNumber":12},{"declaringClass":"cucumber.runner.Runner","methodName":"runPickle","fileName":"Runner.java","lineNumber":80},{"declaringClass":"worker.org.gradle.process.internal.worker.GradleWorkerMain","methodName":"run","fileName":"GradleWorkerMain.java","lineNumber":69},{"declaringClass":"worker.org.gradle.process.internal.worker.GradleWorkerMain","methodName":"main","fileName":"GradleWorkerMain.java","lineNumber":74}],"rootCause":{"errorType":"org.openqa.selenium.TimeoutException","message":"Expected condition failed: waiting for By.cssSelector: (//*[@id\u003d\u0027mainNavigation\u0027]/div[5]/a to be enabled (tried for 5 second(s) with 100 milliseconds interval)","stackTrace":[{"declaringClass":"conm.co.andrescepeda.tasks.ReleasesTask","methodName":"performAs","fileName":"ReleasesTask.java","lineNumber":13},{"declaringClass":"com.co.andrescepeda.stepsdefinitions.ReleasesStepDefiniton","methodName":"heEntersTheLaunchModule","fileName":"ReleasesStepDefiniton.java","lineNumber":12},{"declaringClass":"cucumber.runner.Runner","methodName":"runPickle","fileName":"Runner.java","lineNumber":80},{"declaringClass":"worker.org.gradle.process.internal.worker.GradleWorkerMain","methodName":"run","fileName":"GradleWorkerMain.java","lineNumber":69},{"declaringClass":"worker.org.gradle.process.internal.worker.GradleWorkerMain","methodName":"main","fileName":"GradleWorkerMain.java","lineNumber":74}],"rootCause":{"errorType":"org.openqa.selenium.InvalidSelectorException","message":"invalid selector: An invalid or illegal selector was specified\n  (Session info: chrome\u003d117.0.5938.92)\nFor documentation on this error, please visit: https://www.seleniumhq.org/exceptions/invalid_selector_exception.html\nBuild info: version: \u00273.141.59\u0027, revision: \u0027e82be7d358\u0027, time: \u00272018-11-14T08:17:03\u0027\nSystem info: host: \u0027DESKTOP-59VBOP8\u0027, ip: \u0027192.168.97.97\u0027, os.name: \u0027Windows 10\u0027, os.arch: \u0027amd64\u0027, os.version: \u002710.0\u0027, java.version: \u00271.8.0_161\u0027\nDriver info: org.openqa.selenium.chrome.ChromeDriver\nCapabilities {acceptInsecureCerts: false, browserName: chrome, browserVersion: 117.0.5938.92, chrome: {chromedriverVersion: 116.0.5845.96 (1a3918166880..., userDataDir: C:\\Users\\WS\\AppData\\Local\\T...}, fedcm:accounts: true, goog:chromeOptions: {debuggerAddress: localhost:50711}, javascriptEnabled: true, networkConnectionEnabled: false, pageLoadStrategy: normal, platform: WINDOWS, platformName: WINDOWS, proxy: Proxy(), setWindowRect: true, strictFileInteractability: false, timeouts: {implicit: 0, pageLoad: 300000, script: 30000}, unhandledPromptBehavior: dismiss and notify, webauthn:extension:credBlob: true, webauthn:extension:largeBlob: true, webauthn:extension:minPinLength: true, webauthn:extension:prf: true, webauthn:virtualAuthenticators: true}\nSession ID: 4c5da122688ad48dfaea0e7a238d8dc4\n*** Element info: {Using\u003dcss selector, value\u003d(//*[@id\u003d\u0027mainNavigation\u0027]/div[5]/a}","stackTrace":[{"declaringClass":"conm.co.andrescepeda.tasks.ReleasesTask","methodName":"performAs","fileName":"ReleasesTask.java","lineNumber":13},{"declaringClass":"com.co.andrescepeda.stepsdefinitions.ReleasesStepDefiniton","methodName":"heEntersTheLaunchModule","fileName":"ReleasesStepDefiniton.java","lineNumber":12},{"declaringClass":"cucumber.runner.Runner","methodName":"runPickle","fileName":"Runner.java","lineNumber":80},{"declaringClass":"worker.org.gradle.process.internal.worker.GradleWorkerMain","methodName":"run","fileName":"GradleWorkerMain.java","lineNumber":69},{"declaringClass":"worker.org.gradle.process.internal.worker.GradleWorkerMain","methodName":"main","fileName":"GradleWorkerMain.java","lineNumber":74}]}}},"testFailureClassname":"net.thucydides.core.webdriver.exceptions.ElementShouldBeEnabledException","testFailureMessage":"Expected enabled element was not enabled","testFailureSummary":"FAILURE;net.thucydides.core.webdriver.exceptions.ElementShouldBeEnabledException;Expected enabled element was not enabled;ReleasesTask.java","projectKey":"","annotatedResult":"FAILURE","sessionId":"4c5da122688ad48dfaea0e7a238d8dc4","driver":"chrome","isManualTestingUpToDate":false,"manual":false,"testSource":"Cucumber","actors":[{"name":"User","can":["browse the web"]}],"result":"FAILURE"}